2025-10-20 15:35:46, MOVE, v:1, k:poo@motoca, mode:DOWN
2025-10-20 15:35:48, MOVE, v:1, k:poo@grafite, mode:DOWN
2025-10-20 15:35:49, MOVE, v:1, k:poo@motouber, mode:DOWN
2025-10-20 15:35:50, MOVE, v:1, k:poo@tamagotchi, mode:DOWN
2025-10-20 15:36:18, MOVE, v:1, k:poo@motoca, mode:PICK
2025-10-20 15:36:22, EXEC, v:1, k:poo@motoca, mode:FULL, rate:0, size:0
2025-10-20 16:00:51, EXEC, v:1, k:poo@motoca, mode:FULL, rate:0, size:15
2025-10-20 16:06:55, EXEC, v:1, k:poo@motoca, mode:FULL, rate:0, size:29
2025-10-20 16:06:58, EXEC, v:1, k:poo@motoca, mode:FULL, rate:0
2025-10-20 16:07:01, MOVE, v:1, k:poo@motoca, mode:BACK
2025-10-20 16:14:34, MOVE, v:1, k:poo@motoca, mode:PICK
2025-10-20 16:14:35, EXEC, v:1, k:poo@motoca, mode:FULL, rate:0, size:48
2025-10-20 16:14:37, MOVE, v:1, k:poo@motoca, mode:BACK
2025-10-20 16:39:31, MOVE, v:1, k:poo@motoca, mode:PICK
2025-10-20 16:39:32, EXEC, v:1, k:poo@motoca, mode:FULL, rate:0, size:73
2025-10-20 16:39:37, EXEC, v:1, k:poo@motoca, mode:FREE
2025-10-20 16:40:19, MOVE, v:1, k:poo@motoca, mode:BACK
2025-10-20 16:57:37, MOVE, v:1, k:poo@motoca, mode:PICK
2025-10-20 16:57:38, EXEC, v:1, k:poo@motoca, mode:FULL, rate:0, size:93
2025-10-20 16:57:40, MOVE, v:1, k:poo@motoca, mode:BACK
2025-10-20 17:03:42, MOVE, v:1, k:poo@motoca, mode:PICK
2025-10-20 17:03:43, EXEC, v:1, k:poo@motoca, mode:FULL, rate:0, size:94
2025-10-20 17:03:44, EXEC, v:1, k:poo@motoca, mode:FREE
